{"/Users/sebastien/Sebbe's Cloud/School/OpenClassRooms/2 - OCR - Software Developper - JS & React/Projet 9 (60h)/P9 - Mission/#Code/bill-app/Billed-app-FR-Front/src/constants/routes.js": {"path":"/Users/sebastien/Sebbe's Cloud/School/OpenClassRooms/2 - OCR - Software Developper - JS & React/Projet 9 (60h)/P9 - Mission/#Code/bill-app/Billed-app-FR-Front/src/constants/routes.js","statementMap":{"0":{"start":{"line":6,"column":27},"end":{"line":11,"column":1}},"1":{"start":{"line":13,"column":22},"end":{"line":26,"column":1}},"2":{"start":{"line":14,"column":2},"end":{"line":25,"column":3}},"3":{"start":{"line":16,"column":6},"end":{"line":16,"column":46}},"4":{"start":{"line":18,"column":6},"end":{"line":18,"column":46}},"5":{"start":{"line":20,"column":6},"end":{"line":20,"column":24}},"6":{"start":{"line":22,"column":6},"end":{"line":22,"column":50}},"7":{"start":{"line":24,"column":6},"end":{"line":24,"column":46}}},"fnMap":{"0":{"name":"(anonymous_0)","decl":{"start":{"line":13,"column":22},"end":{"line":13,"column":23}},"loc":{"start":{"line":13,"column":62},"end":{"line":26,"column":1}},"line":13}},"branchMap":{"0":{"loc":{"start":{"line":14,"column":2},"end":{"line":25,"column":3}},"type":"switch","locations":[{"start":{"line":15,"column":4},"end":{"line":16,"column":46}},{"start":{"line":17,"column":4},"end":{"line":18,"column":46}},{"start":{"line":19,"column":4},"end":{"line":20,"column":24}},{"start":{"line":21,"column":4},"end":{"line":22,"column":50}},{"start":{"line":23,"column":4},"end":{"line":24,"column":46}}],"line":14}},"s":{"0":6,"1":6,"2":54,"3":13,"4":22,"5":6,"6":12,"7":1},"f":{"0":54},"b":{"0":[13,22,6,12,1]},"_coverageSchema":"1a1c01bbd47fc00a2c39e90264f33305004495a9","hash":"8e2d938a2fca0a9cfd7efa063173d3cf6c70db20"}
,"/Users/sebastien/Sebbe's Cloud/School/OpenClassRooms/2 - OCR - Software Developper - JS & React/Projet 9 (60h)/P9 - Mission/#Code/bill-app/Billed-app-FR-Front/src/constants/usersTest.js": {"path":"/Users/sebastien/Sebbe's Cloud/School/OpenClassRooms/2 - OCR - Software Developper - JS & React/Projet 9 (60h)/P9 - Mission/#Code/bill-app/Billed-app-FR-Front/src/constants/usersTest.js","statementMap":{},"fnMap":{},"branchMap":{},"s":{},"f":{},"b":{},"_coverageSchema":"1a1c01bbd47fc00a2c39e90264f33305004495a9","hash":"0b164bb51404f0b1f5919be66d5d14ac7aa1a238"}
,"/Users/sebastien/Sebbe's Cloud/School/OpenClassRooms/2 - OCR - Software Developper - JS & React/Projet 9 (60h)/P9 - Mission/#Code/bill-app/Billed-app-FR-Front/src/containers/Bills.js": {"path":"/Users/sebastien/Sebbe's Cloud/School/OpenClassRooms/2 - OCR - Software Developper - JS & React/Projet 9 (60h)/P9 - Mission/#Code/bill-app/Billed-app-FR-Front/src/containers/Bills.js","statementMap":{"0":{"start":{"line":7,"column":4},"end":{"line":7,"column":28}},"1":{"start":{"line":8,"column":4},"end":{"line":8,"column":32}},"2":{"start":{"line":9,"column":4},"end":{"line":9,"column":22}},"3":{"start":{"line":10,"column":26},"end":{"line":10,"column":86}},"4":{"start":{"line":11,"column":4},"end":{"line":11,"column":87}},"5":{"start":{"line":11,"column":23},"end":{"line":11,"column":87}},"6":{"start":{"line":12,"column":20},"end":{"line":12,"column":76}},"7":{"start":{"line":13,"column":4},"end":{"line":15,"column":6}},"8":{"start":{"line":13,"column":17},"end":{"line":15,"column":6}},"9":{"start":{"line":14,"column":6},"end":{"line":14,"column":73}},"10":{"start":{"line":14,"column":43},"end":{"line":14,"column":72}},"11":{"start":{"line":16,"column":4},"end":{"line":16,"column":54}},"12":{"start":{"line":19,"column":23},"end":{"line":21,"column":3}},"13":{"start":{"line":20,"column":4},"end":{"line":20,"column":43}},"14":{"start":{"line":23,"column":23},"end":{"line":28,"column":3}},"15":{"start":{"line":24,"column":20},"end":{"line":24,"column":54}},"16":{"start":{"line":25,"column":21},"end":{"line":25,"column":63}},"17":{"start":{"line":26,"column":4},"end":{"line":26,"column":168}},"18":{"start":{"line":27,"column":4},"end":{"line":27,"column":34}},"19":{"start":{"line":30,"column":13},"end":{"line":59,"column":3}},"20":{"start":{"line":31,"column":4},"end":{"line":58,"column":5}},"21":{"start":{"line":32,"column":6},"end":{"line":57,"column":8}},"22":{"start":{"line":36,"column":22},"end":{"line":54,"column":12}},"23":{"start":{"line":38,"column":12},"end":{"line":53,"column":13}},"24":{"start":{"line":39,"column":14},"end":{"line":43,"column":15}},"25":{"start":{"line":47,"column":14},"end":{"line":47,"column":38}},"26":{"start":{"line":48,"column":14},"end":{"line":52,"column":15}},"27":{"start":{"line":55,"column":10},"end":{"line":55,"column":45}},"28":{"start":{"line":56,"column":8},"end":{"line":56,"column":20}}},"fnMap":{"0":{"name":"(anonymous_0)","decl":{"start":{"line":6,"column":2},"end":{"line":6,"column":3}},"loc":{"start":{"line":6,"column":61},"end":{"line":17,"column":3}},"line":6},"1":{"name":"(anonymous_1)","decl":{"start":{"line":13,"column":33},"end":{"line":13,"column":34}},"loc":{"start":{"line":13,"column":41},"end":{"line":15,"column":5}},"line":13},"2":{"name":"(anonymous_2)","decl":{"start":{"line":14,"column":37},"end":{"line":14,"column":38}},"loc":{"start":{"line":14,"column":43},"end":{"line":14,"column":72}},"line":14},"3":{"name":"(anonymous_3)","decl":{"start":{"line":19,"column":23},"end":{"line":19,"column":24}},"loc":{"start":{"line":19,"column":29},"end":{"line":21,"column":3}},"line":19},"4":{"name":"(anonymous_4)","decl":{"start":{"line":23,"column":23},"end":{"line":23,"column":24}},"loc":{"start":{"line":23,"column":33},"end":{"line":28,"column":3}},"line":23},"5":{"name":"(anonymous_5)","decl":{"start":{"line":30,"column":13},"end":{"line":30,"column":14}},"loc":{"start":{"line":30,"column":19},"end":{"line":59,"column":3}},"line":30},"6":{"name":"(anonymous_6)","decl":{"start":{"line":35,"column":12},"end":{"line":35,"column":13}},"loc":{"start":{"line":35,"column":24},"end":{"line":57,"column":7}},"line":35},"7":{"name":"(anonymous_7)","decl":{"start":{"line":37,"column":15},"end":{"line":37,"column":16}},"loc":{"start":{"line":37,"column":22},"end":{"line":54,"column":11}},"line":37}},"branchMap":{"0":{"loc":{"start":{"line":11,"column":4},"end":{"line":11,"column":87}},"type":"if","locations":[{"start":{"line":11,"column":4},"end":{"line":11,"column":87}},{"start":{},"end":{}}],"line":11},"1":{"loc":{"start":{"line":13,"column":4},"end":{"line":15,"column":6}},"type":"if","locations":[{"start":{"line":13,"column":4},"end":{"line":15,"column":6}},{"start":{},"end":{}}],"line":13},"2":{"loc":{"start":{"line":31,"column":4},"end":{"line":58,"column":5}},"type":"if","locations":[{"start":{"line":31,"column":4},"end":{"line":58,"column":5}},{"start":{},"end":{}}],"line":31}},"s":{"0":38,"1":38,"2":38,"3":38,"4":38,"5":25,"6":38,"7":38,"8":38,"9":116,"10":1,"11":38,"12":38,"13":2,"14":38,"15":1,"16":1,"17":1,"18":1,"19":38,"20":19,"21":19,"22":17,"23":68,"24":68,"25":0,"26":0,"27":17,"28":17},"f":{"0":38,"1":116,"2":1,"3":2,"4":1,"5":19,"6":17,"7":68},"b":{"0":[25,13],"1":[38,0],"2":[19,0]},"_coverageSchema":"1a1c01bbd47fc00a2c39e90264f33305004495a9","hash":"4654ac4fa82c78f70358ee53015edd5b29d7fc12"}
,"/Users/sebastien/Sebbe's Cloud/School/OpenClassRooms/2 - OCR - Software Developper - JS & React/Projet 9 (60h)/P9 - Mission/#Code/bill-app/Billed-app-FR-Front/src/containers/Dashboard.js": {"path":"/Users/sebastien/Sebbe's Cloud/School/OpenClassRooms/2 - OCR - Software Developper - JS & React/Projet 9 (60h)/P9 - Mission/#Code/bill-app/Billed-app-FR-Front/src/containers/Dashboard.js","statementMap":{"0":{"start":{"line":8,"column":29},"end":{"line":28,"column":1}},"1":{"start":{"line":9,"column":2},"end":{"line":27,"column":11}},"2":{"start":{"line":14,"column":6},"end":{"line":24,"column":7}},"3":{"start":{"line":15,"column":8},"end":{"line":15,"column":50}},"4":{"start":{"line":20,"column":26},"end":{"line":20,"column":72}},"5":{"start":{"line":21,"column":8},"end":{"line":23,"column":58}},"6":{"start":{"line":26,"column":6},"end":{"line":26,"column":28}},"7":{"start":{"line":30,"column":20},"end":{"line":53,"column":1}},"8":{"start":{"line":31,"column":28},"end":{"line":31,"column":52}},"9":{"start":{"line":32,"column":20},"end":{"line":33,"column":40}},"10":{"start":{"line":34,"column":19},"end":{"line":35,"column":53}},"11":{"start":{"line":37,"column":2},"end":{"line":52,"column":4}},"12":{"start":{"line":55,"column":21},"end":{"line":57,"column":1}},"13":{"start":{"line":56,"column":2},"end":{"line":56,"column":76}},"14":{"start":{"line":56,"column":51},"end":{"line":56,"column":61}},"15":{"start":{"line":59,"column":25},"end":{"line":68,"column":1}},"16":{"start":{"line":60,"column":2},"end":{"line":67,"column":3}},"17":{"start":{"line":62,"column":6},"end":{"line":62,"column":22}},"18":{"start":{"line":64,"column":6},"end":{"line":64,"column":23}},"19":{"start":{"line":66,"column":6},"end":{"line":66,"column":22}},"20":{"start":{"line":72,"column":4},"end":{"line":72,"column":28}},"21":{"start":{"line":73,"column":4},"end":{"line":73,"column":32}},"22":{"start":{"line":74,"column":4},"end":{"line":74,"column":22}},"23":{"start":{"line":75,"column":4},"end":{"line":75,"column":71}},"24":{"start":{"line":75,"column":35},"end":{"line":75,"column":70}},"25":{"start":{"line":76,"column":4},"end":{"line":76,"column":71}},"26":{"start":{"line":76,"column":35},"end":{"line":76,"column":70}},"27":{"start":{"line":77,"column":4},"end":{"line":77,"column":71}},"28":{"start":{"line":77,"column":35},"end":{"line":77,"column":70}},"29":{"start":{"line":78,"column":4},"end":{"line":78,"column":44}},"30":{"start":{"line":81,"column":23},"end":{"line":86,"column":3}},"31":{"start":{"line":82,"column":20},"end":{"line":82,"column":58}},"32":{"start":{"line":83,"column":21},"end":{"line":83,"column":69}},"33":{"start":{"line":84,"column":4},"end":{"line":84,"column":144}},"34":{"start":{"line":85,"column":4},"end":{"line":85,"column":96}},"35":{"start":{"line":85,"column":60},"end":{"line":85,"column":96}},"36":{"start":{"line":89,"column":4},"end":{"line":89,"column":75}},"37":{"start":{"line":89,"column":59},"end":{"line":89,"column":75}},"38":{"start":{"line":90,"column":4},"end":{"line":90,"column":71}},"39":{"start":{"line":90,"column":54},"end":{"line":90,"column":71}},"40":{"start":{"line":91,"column":4},"end":{"line":107,"column":5}},"41":{"start":{"line":92,"column":6},"end":{"line":94,"column":8}},"42":{"start":{"line":93,"column":8},"end":{"line":93,"column":61}},"43":{"start":{"line":95,"column":6},"end":{"line":95,"column":62}},"44":{"start":{"line":96,"column":6},"end":{"line":96,"column":69}},"45":{"start":{"line":97,"column":6},"end":{"line":97,"column":52}},"46":{"start":{"line":98,"column":6},"end":{"line":98,"column":21}},"47":{"start":{"line":100,"column":6},"end":{"line":100,"column":62}},"48":{"start":{"line":102,"column":6},"end":{"line":104,"column":8}},"49":{"start":{"line":105,"column":6},"end":{"line":105,"column":52}},"50":{"start":{"line":106,"column":6},"end":{"line":106,"column":21}},"51":{"start":{"line":108,"column":4},"end":{"line":108,"column":51}},"52":{"start":{"line":109,"column":4},"end":{"line":109,"column":72}},"53":{"start":{"line":109,"column":39},"end":{"line":109,"column":71}},"54":{"start":{"line":110,"column":4},"end":{"line":110,"column":72}},"55":{"start":{"line":110,"column":39},"end":{"line":110,"column":71}},"56":{"start":{"line":113,"column":23},"end":{"line":121,"column":3}},"57":{"start":{"line":114,"column":20},"end":{"line":118,"column":5}},"58":{"start":{"line":119,"column":4},"end":{"line":119,"column":28}},"59":{"start":{"line":120,"column":4},"end":{"line":120,"column":45}},"60":{"start":{"line":123,"column":23},"end":{"line":131,"column":3}},"61":{"start":{"line":124,"column":20},"end":{"line":128,"column":5}},"62":{"start":{"line":129,"column":4},"end":{"line":129,"column":28}},"63":{"start":{"line":130,"column":4},"end":{"line":130,"column":45}},"64":{"start":{"line":134,"column":4},"end":{"line":134,"column":76}},"65":{"start":{"line":134,"column":60},"end":{"line":134,"column":76}},"66":{"start":{"line":135,"column":4},"end":{"line":135,"column":76}},"67":{"start":{"line":135,"column":58},"end":{"line":135,"column":76}},"68":{"start":{"line":136,"column":4},"end":{"line":148,"column":2}},"69":{"start":{"line":137,"column":29},"end":{"line":137,"column":72}},"70":{"start":{"line":138,"column":2},"end":{"line":138,"column":65}},"71":{"start":{"line":139,"column":2},"end":{"line":139,"column":75}},"72":{"start":{"line":140,"column":2},"end":{"line":140,"column":17}},"73":{"start":{"line":141,"column":2},"end":{"line":143,"column":4}},"74":{"start":{"line":142,"column":3},"end":{"line":142,"column":80}},"75":{"start":{"line":142,"column":42},"end":{"line":142,"column":79}},"76":{"start":{"line":145,"column":2},"end":{"line":145,"column":66}},"77":{"start":{"line":146,"column":2},"end":{"line":146,"column":52}},"78":{"start":{"line":147,"column":2},"end":{"line":147,"column":17}},"79":{"start":{"line":150,"column":4},"end":{"line":150,"column":16}},"80":{"start":{"line":154,"column":21},"end":{"line":173,"column":3}},"81":{"start":{"line":155,"column":4},"end":{"line":172,"column":5}},"82":{"start":{"line":156,"column":6},"end":{"line":171,"column":8}},"83":{"start":{"line":160,"column":22},"end":{"line":166,"column":11}},"84":{"start":{"line":161,"column":21},"end":{"line":166,"column":9}},"85":{"start":{"line":167,"column":8},"end":{"line":167,"column":20}},"86":{"start":{"line":170,"column":8},"end":{"line":170,"column":20}}},"fnMap":{"0":{"name":"(anonymous_0)","decl":{"start":{"line":8,"column":29},"end":{"line":8,"column":30}},"loc":{"start":{"line":8,"column":47},"end":{"line":28,"column":1}},"line":8},"1":{"name":"(anonymous_1)","decl":{"start":{"line":10,"column":16},"end":{"line":10,"column":17}},"loc":{"start":{"line":10,"column":24},"end":{"line":27,"column":5}},"line":10},"2":{"name":"(anonymous_2)","decl":{"start":{"line":30,"column":20},"end":{"line":30,"column":21}},"loc":{"start":{"line":30,"column":30},"end":{"line":53,"column":1}},"line":30},"3":{"name":"(anonymous_3)","decl":{"start":{"line":55,"column":21},"end":{"line":55,"column":22}},"loc":{"start":{"line":55,"column":32},"end":{"line":57,"column":1}},"line":55},"4":{"name":"(anonymous_4)","decl":{"start":{"line":56,"column":43},"end":{"line":56,"column":44}},"loc":{"start":{"line":56,"column":51},"end":{"line":56,"column":61}},"line":56},"5":{"name":"(anonymous_5)","decl":{"start":{"line":59,"column":25},"end":{"line":59,"column":26}},"loc":{"start":{"line":59,"column":36},"end":{"line":68,"column":1}},"line":59},"6":{"name":"(anonymous_6)","decl":{"start":{"line":71,"column":2},"end":{"line":71,"column":3}},"loc":{"start":{"line":71,"column":68},"end":{"line":79,"column":3}},"line":71},"7":{"name":"(anonymous_7)","decl":{"start":{"line":75,"column":28},"end":{"line":75,"column":29}},"loc":{"start":{"line":75,"column":35},"end":{"line":75,"column":70}},"line":75},"8":{"name":"(anonymous_8)","decl":{"start":{"line":76,"column":28},"end":{"line":76,"column":29}},"loc":{"start":{"line":76,"column":35},"end":{"line":76,"column":70}},"line":76},"9":{"name":"(anonymous_9)","decl":{"start":{"line":77,"column":28},"end":{"line":77,"column":29}},"loc":{"start":{"line":77,"column":35},"end":{"line":77,"column":70}},"line":77},"10":{"name":"(anonymous_10)","decl":{"start":{"line":81,"column":23},"end":{"line":81,"column":24}},"loc":{"start":{"line":81,"column":29},"end":{"line":86,"column":3}},"line":81},"11":{"name":"(anonymous_11)","decl":{"start":{"line":88,"column":2},"end":{"line":88,"column":3}},"loc":{"start":{"line":88,"column":35},"end":{"line":111,"column":3}},"line":88},"12":{"name":"(anonymous_12)","decl":{"start":{"line":92,"column":20},"end":{"line":92,"column":21}},"loc":{"start":{"line":92,"column":25},"end":{"line":94,"column":7}},"line":92},"13":{"name":"(anonymous_13)","decl":{"start":{"line":109,"column":32},"end":{"line":109,"column":33}},"loc":{"start":{"line":109,"column":39},"end":{"line":109,"column":71}},"line":109},"14":{"name":"(anonymous_14)","decl":{"start":{"line":110,"column":32},"end":{"line":110,"column":33}},"loc":{"start":{"line":110,"column":39},"end":{"line":110,"column":71}},"line":110},"15":{"name":"(anonymous_15)","decl":{"start":{"line":113,"column":23},"end":{"line":113,"column":24}},"loc":{"start":{"line":113,"column":36},"end":{"line":121,"column":3}},"line":113},"16":{"name":"(anonymous_16)","decl":{"start":{"line":123,"column":23},"end":{"line":123,"column":24}},"loc":{"start":{"line":123,"column":36},"end":{"line":131,"column":3}},"line":123},"17":{"name":"(anonymous_17)","decl":{"start":{"line":133,"column":2},"end":{"line":133,"column":3}},"loc":{"start":{"line":133,"column":37},"end":{"line":152,"column":3}},"line":133},"18":{"name":"(anonymous_18)","decl":{"start":{"line":141,"column":29},"end":{"line":141,"column":30}},"loc":{"start":{"line":141,"column":37},"end":{"line":143,"column":3}},"line":141},"19":{"name":"(anonymous_19)","decl":{"start":{"line":142,"column":35},"end":{"line":142,"column":36}},"loc":{"start":{"line":142,"column":42},"end":{"line":142,"column":79}},"line":142},"20":{"name":"(anonymous_20)","decl":{"start":{"line":154,"column":21},"end":{"line":154,"column":22}},"loc":{"start":{"line":154,"column":27},"end":{"line":173,"column":3}},"line":154},"21":{"name":"(anonymous_21)","decl":{"start":{"line":159,"column":12},"end":{"line":159,"column":13}},"loc":{"start":{"line":159,"column":24},"end":{"line":168,"column":7}},"line":159},"22":{"name":"(anonymous_22)","decl":{"start":{"line":161,"column":13},"end":{"line":161,"column":14}},"loc":{"start":{"line":161,"column":21},"end":{"line":166,"column":9}},"line":161},"23":{"name":"(anonymous_23)","decl":{"start":{"line":169,"column":13},"end":{"line":169,"column":14}},"loc":{"start":{"line":169,"column":22},"end":{"line":171,"column":7}},"line":169}},"branchMap":{"0":{"loc":{"start":{"line":9,"column":9},"end":{"line":27,"column":11}},"type":"cond-expr","locations":[{"start":{"line":10,"column":4},"end":{"line":27,"column":6}},{"start":{"line":27,"column":9},"end":{"line":27,"column":11}}],"line":9},"1":{"loc":{"start":{"line":9,"column":10},"end":{"line":9,"column":29}},"type":"binary-expr","locations":[{"start":{"line":9,"column":10},"end":{"line":9,"column":14}},{"start":{"line":9,"column":18},"end":{"line":9,"column":29}}],"line":9},"2":{"loc":{"start":{"line":14,"column":6},"end":{"line":24,"column":7}},"type":"if","locations":[{"start":{"line":14,"column":6},"end":{"line":24,"column":7}},{"start":{"line":18,"column":11},"end":{"line":24,"column":7}}],"line":14},"3":{"loc":{"start":{"line":22,"column":10},"end":{"line":23,"column":58}},"type":"binary-expr","locations":[{"start":{"line":22,"column":11},"end":{"line":22,"column":33}},{"start":{"line":23,"column":10},"end":{"line":23,"column":58}}],"line":22},"4":{"loc":{"start":{"line":32,"column":20},"end":{"line":33,"column":40}},"type":"cond-expr","locations":[{"start":{"line":33,"column":4},"end":{"line":33,"column":35}},{"start":{"line":33,"column":38},"end":{"line":33,"column":40}}],"line":32},"5":{"loc":{"start":{"line":34,"column":19},"end":{"line":35,"column":53}},"type":"cond-expr","locations":[{"start":{"line":35,"column":2},"end":{"line":35,"column":33}},{"start":{"line":35,"column":36},"end":{"line":35,"column":53}}],"line":34},"6":{"loc":{"start":{"line":56,"column":9},"end":{"line":56,"column":76}},"type":"cond-expr","locations":[{"start":{"line":56,"column":33},"end":{"line":56,"column":71}},{"start":{"line":56,"column":74},"end":{"line":56,"column":76}}],"line":56},"7":{"loc":{"start":{"line":56,"column":9},"end":{"line":56,"column":30}},"type":"binary-expr","locations":[{"start":{"line":56,"column":9},"end":{"line":56,"column":14}},{"start":{"line":56,"column":18},"end":{"line":56,"column":30}}],"line":56},"8":{"loc":{"start":{"line":60,"column":2},"end":{"line":67,"column":3}},"type":"switch","locations":[{"start":{"line":61,"column":4},"end":{"line":62,"column":22}},{"start":{"line":63,"column":4},"end":{"line":64,"column":23}},{"start":{"line":65,"column":4},"end":{"line":66,"column":22}}],"line":60},"9":{"loc":{"start":{"line":85,"column":4},"end":{"line":85,"column":96}},"type":"if","locations":[{"start":{"line":85,"column":4},"end":{"line":85,"column":96}},{"start":{},"end":{}}],"line":85},"10":{"loc":{"start":{"line":89,"column":4},"end":{"line":89,"column":75}},"type":"if","locations":[{"start":{"line":89,"column":4},"end":{"line":89,"column":75}},{"start":{},"end":{}}],"line":89},"11":{"loc":{"start":{"line":89,"column":8},"end":{"line":89,"column":57}},"type":"binary-expr","locations":[{"start":{"line":89,"column":8},"end":{"line":89,"column":34}},{"start":{"line":89,"column":38},"end":{"line":89,"column":57}}],"line":89},"12":{"loc":{"start":{"line":90,"column":4},"end":{"line":90,"column":71}},"type":"if","locations":[{"start":{"line":90,"column":4},"end":{"line":90,"column":71}},{"start":{},"end":{}}],"line":90},"13":{"loc":{"start":{"line":90,"column":8},"end":{"line":90,"column":52}},"type":"binary-expr","locations":[{"start":{"line":90,"column":8},"end":{"line":90,"column":29}},{"start":{"line":90,"column":33},"end":{"line":90,"column":52}}],"line":90},"14":{"loc":{"start":{"line":91,"column":4},"end":{"line":107,"column":5}},"type":"if","locations":[{"start":{"line":91,"column":4},"end":{"line":107,"column":5}},{"start":{"line":99,"column":11},"end":{"line":107,"column":5}}],"line":91},"15":{"loc":{"start":{"line":134,"column":4},"end":{"line":134,"column":76}},"type":"if","locations":[{"start":{"line":134,"column":4},"end":{"line":134,"column":76}},{"start":{},"end":{}}],"line":134},"16":{"loc":{"start":{"line":134,"column":8},"end":{"line":134,"column":58}},"type":"binary-expr","locations":[{"start":{"line":134,"column":8},"end":{"line":134,"column":34}},{"start":{"line":134,"column":38},"end":{"line":134,"column":58}}],"line":134},"17":{"loc":{"start":{"line":135,"column":4},"end":{"line":135,"column":76}},"type":"if","locations":[{"start":{"line":135,"column":4},"end":{"line":135,"column":76}},{"start":{},"end":{}}],"line":135},"18":{"loc":{"start":{"line":135,"column":8},"end":{"line":135,"column":56}},"type":"binary-expr","locations":[{"start":{"line":135,"column":8},"end":{"line":135,"column":32}},{"start":{"line":135,"column":36},"end":{"line":135,"column":56}}],"line":135},"19":{"loc":{"start":{"line":136,"column":4},"end":{"line":148,"column":2}},"type":"if","locations":[{"start":{"line":136,"column":4},"end":{"line":148,"column":2}},{"start":{"line":144,"column":8},"end":{"line":148,"column":2}}],"line":136},"20":{"loc":{"start":{"line":155,"column":4},"end":{"line":172,"column":5}},"type":"if","locations":[{"start":{"line":155,"column":4},"end":{"line":172,"column":5}},{"start":{},"end":{}}],"line":155}},"s":{"0":6,"1":44,"2":104,"3":104,"4":0,"5":0,"6":104,"7":6,"8":6,"9":6,"10":6,"11":6,"12":6,"13":6,"14":6,"15":6,"16":5,"17":3,"18":1,"19":1,"20":14,"21":14,"22":14,"23":14,"24":0,"25":14,"26":0,"27":14,"28":0,"29":14,"30":14,"31":1,"32":1,"33":1,"34":1,"35":0,"36":3,"37":2,"38":3,"39":2,"40":3,"41":2,"42":8,"43":2,"44":2,"45":2,"46":2,"47":1,"48":1,"49":1,"50":1,"51":3,"52":3,"53":0,"54":3,"55":0,"56":14,"57":1,"58":1,"59":1,"60":14,"61":1,"62":1,"63":1,"64":5,"65":5,"66":5,"67":5,"68":5,"69":5,"70":5,"71":5,"72":5,"73":5,"74":6,"75":3,"76":0,"77":0,"78":0,"79":5,"80":14,"81":5,"82":5,"83":3,"84":12,"85":3,"86":2},"f":{"0":44,"1":104,"2":6,"3":6,"4":6,"5":5,"6":14,"7":0,"8":0,"9":0,"10":1,"11":3,"12":8,"13":0,"14":0,"15":1,"16":1,"17":5,"18":6,"19":3,"20":5,"21":3,"22":12,"23":2},"b":{"0":[26,18],"1":[44,26],"2":[104,0],"3":[0,0],"4":[0,6],"5":[0,6],"6":[5,1],"7":[6,6],"8":[3,1,1],"9":[0,1],"10":[2,1],"11":[3,3],"12":[2,1],"13":[3,1],"14":[2,1],"15":[5,0],"16":[5,2],"17":[5,0],"18":[5,2],"19":[5,0],"20":[5,0]},"_coverageSchema":"1a1c01bbd47fc00a2c39e90264f33305004495a9","hash":"fab8e0571beadc6a194acd5348bcf6c109ee09e6"}
,"/Users/sebastien/Sebbe's Cloud/School/OpenClassRooms/2 - OCR - Software Developper - JS & React/Projet 9 (60h)/P9 - Mission/#Code/bill-app/Billed-app-FR-Front/src/containers/Login.js": {"path":"/Users/sebastien/Sebbe's Cloud/School/OpenClassRooms/2 - OCR - Software Developper - JS & React/Projet 9 (60h)/P9 - Mission/#Code/bill-app/Billed-app-FR-Front/src/containers/Login.js","statementMap":{"0":{"start":{"line":3,"column":31},"end":{"line":3,"column":33}},"1":{"start":{"line":8,"column":4},"end":{"line":8,"column":28}},"2":{"start":{"line":9,"column":4},"end":{"line":9,"column":36}},"3":{"start":{"line":10,"column":4},"end":{"line":10,"column":32}},"4":{"start":{"line":11,"column":4},"end":{"line":11,"column":46}},"5":{"start":{"line":12,"column":4},"end":{"line":12,"column":22}},"6":{"start":{"line":13,"column":25},"end":{"line":13,"column":89}},"7":{"start":{"line":14,"column":4},"end":{"line":14,"column":70}},"8":{"start":{"line":15,"column":22},"end":{"line":15,"column":83}},"9":{"start":{"line":16,"column":4},"end":{"line":16,"column":64}},"10":{"start":{"line":18,"column":25},"end":{"line":41,"column":3}},"11":{"start":{"line":19,"column":4},"end":{"line":19,"column":22}},"12":{"start":{"line":20,"column":17},"end":{"line":25,"column":5}},"13":{"start":{"line":26,"column":4},"end":{"line":26,"column":59}},"14":{"start":{"line":27,"column":4},"end":{"line":39,"column":8}},"15":{"start":{"line":30,"column":10},"end":{"line":30,"column":26}},"16":{"start":{"line":35,"column":8},"end":{"line":35,"column":45}},"17":{"start":{"line":36,"column":8},"end":{"line":36,"column":53}},"18":{"start":{"line":37,"column":8},"end":{"line":37,"column":50}},"19":{"start":{"line":38,"column":8},"end":{"line":38,"column":55}},"20":{"start":{"line":43,"column":22},"end":{"line":66,"column":3}},"21":{"start":{"line":44,"column":4},"end":{"line":44,"column":22}},"22":{"start":{"line":45,"column":17},"end":{"line":51,"column":5}},"23":{"start":{"line":52,"column":4},"end":{"line":52,"column":59}},"24":{"start":{"line":53,"column":4},"end":{"line":65,"column":8}},"25":{"start":{"line":56,"column":10},"end":{"line":56,"column":26}},"26":{"start":{"line":61,"column":8},"end":{"line":61,"column":49}},"27":{"start":{"line":62,"column":8},"end":{"line":62,"column":57}},"28":{"start":{"line":63,"column":8},"end":{"line":63,"column":50}},"29":{"start":{"line":64,"column":8},"end":{"line":64,"column":50}},"30":{"start":{"line":69,"column":10},"end":{"line":81,"column":3}},"31":{"start":{"line":70,"column":4},"end":{"line":80,"column":5}},"32":{"start":{"line":71,"column":6},"end":{"line":77,"column":8}},"33":{"start":{"line":76,"column":8},"end":{"line":76,"column":40}},"34":{"start":{"line":79,"column":6},"end":{"line":79,"column":17}},"35":{"start":{"line":84,"column":15},"end":{"line":101,"column":3}},"36":{"start":{"line":85,"column":4},"end":{"line":100,"column":5}},"37":{"start":{"line":86,"column":6},"end":{"line":97,"column":8}},"38":{"start":{"line":95,"column":8},"end":{"line":95,"column":57}},"39":{"start":{"line":96,"column":8},"end":{"line":96,"column":31}},"40":{"start":{"line":99,"column":6},"end":{"line":99,"column":17}}},"fnMap":{"0":{"name":"(anonymous_0)","decl":{"start":{"line":7,"column":2},"end":{"line":7,"column":3}},"loc":{"start":{"line":7,"column":80},"end":{"line":17,"column":3}},"line":7},"1":{"name":"(anonymous_1)","decl":{"start":{"line":18,"column":25},"end":{"line":18,"column":26}},"loc":{"start":{"line":18,"column":30},"end":{"line":41,"column":3}},"line":18},"2":{"name":"(anonymous_2)","decl":{"start":{"line":29,"column":8},"end":{"line":29,"column":9}},"loc":{"start":{"line":29,"column":17},"end":{"line":31,"column":9}},"line":29},"3":{"name":"(anonymous_3)","decl":{"start":{"line":34,"column":12},"end":{"line":34,"column":13}},"loc":{"start":{"line":34,"column":18},"end":{"line":39,"column":7}},"line":34},"4":{"name":"(anonymous_4)","decl":{"start":{"line":43,"column":22},"end":{"line":43,"column":23}},"loc":{"start":{"line":43,"column":27},"end":{"line":66,"column":3}},"line":43},"5":{"name":"(anonymous_5)","decl":{"start":{"line":55,"column":8},"end":{"line":55,"column":9}},"loc":{"start":{"line":55,"column":17},"end":{"line":57,"column":9}},"line":55},"6":{"name":"(anonymous_6)","decl":{"start":{"line":60,"column":12},"end":{"line":60,"column":13}},"loc":{"start":{"line":60,"column":18},"end":{"line":65,"column":7}},"line":60},"7":{"name":"(anonymous_7)","decl":{"start":{"line":69,"column":10},"end":{"line":69,"column":11}},"loc":{"start":{"line":69,"column":20},"end":{"line":81,"column":3}},"line":69},"8":{"name":"(anonymous_8)","decl":{"start":{"line":75,"column":15},"end":{"line":75,"column":16}},"loc":{"start":{"line":75,"column":26},"end":{"line":77,"column":7}},"line":75},"9":{"name":"(anonymous_9)","decl":{"start":{"line":84,"column":15},"end":{"line":84,"column":16}},"loc":{"start":{"line":84,"column":25},"end":{"line":101,"column":3}},"line":84},"10":{"name":"(anonymous_10)","decl":{"start":{"line":94,"column":12},"end":{"line":94,"column":13}},"loc":{"start":{"line":94,"column":18},"end":{"line":97,"column":7}},"line":94}},"branchMap":{"0":{"loc":{"start":{"line":70,"column":4},"end":{"line":80,"column":5}},"type":"if","locations":[{"start":{"line":70,"column":4},"end":{"line":80,"column":5}},{"start":{"line":78,"column":11},"end":{"line":80,"column":5}}],"line":70},"1":{"loc":{"start":{"line":85,"column":4},"end":{"line":100,"column":5}},"type":"if","locations":[{"start":{"line":85,"column":4},"end":{"line":100,"column":5}},{"start":{"line":98,"column":11},"end":{"line":100,"column":5}}],"line":85}},"s":{"0":4,"1":4,"2":4,"3":4,"4":4,"5":4,"6":4,"7":4,"8":4,"9":4,"10":4,"11":0,"12":0,"13":0,"14":0,"15":0,"16":0,"17":0,"18":0,"19":0,"20":4,"21":2,"22":2,"23":2,"24":2,"25":0,"26":2,"27":2,"28":2,"29":2,"30":4,"31":0,"32":0,"33":0,"34":0,"35":4,"36":0,"37":0,"38":0,"39":0,"40":0},"f":{"0":4,"1":0,"2":0,"3":0,"4":2,"5":0,"6":2,"7":0,"8":0,"9":0,"10":0},"b":{"0":[0,0],"1":[0,0]},"_coverageSchema":"1a1c01bbd47fc00a2c39e90264f33305004495a9","hash":"a3b87c075132639389c5fcbf422ff7094505d84c"}
,"/Users/sebastien/Sebbe's Cloud/School/OpenClassRooms/2 - OCR - Software Developper - JS & React/Projet 9 (60h)/P9 - Mission/#Code/bill-app/Billed-app-FR-Front/src/containers/Logout.js": {"path":"/Users/sebastien/Sebbe's Cloud/School/OpenClassRooms/2 - OCR - Software Developper - JS & React/Projet 9 (60h)/P9 - Mission/#Code/bill-app/Billed-app-FR-Front/src/containers/Logout.js","statementMap":{"0":{"start":{"line":5,"column":4},"end":{"line":5,"column":28}},"1":{"start":{"line":6,"column":4},"end":{"line":6,"column":32}},"2":{"start":{"line":7,"column":4},"end":{"line":7,"column":36}},"3":{"start":{"line":8,"column":4},"end":{"line":8,"column":51}},"4":{"start":{"line":11,"column":16},"end":{"line":14,"column":3}},"5":{"start":{"line":12,"column":4},"end":{"line":12,"column":29}},"6":{"start":{"line":13,"column":4},"end":{"line":13,"column":41}}},"fnMap":{"0":{"name":"(anonymous_0)","decl":{"start":{"line":4,"column":2},"end":{"line":4,"column":3}},"loc":{"start":{"line":4,"column":54},"end":{"line":9,"column":3}},"line":4},"1":{"name":"(anonymous_1)","decl":{"start":{"line":11,"column":16},"end":{"line":11,"column":17}},"loc":{"start":{"line":11,"column":23},"end":{"line":14,"column":3}},"line":11}},"branchMap":{},"s":{"0":60,"1":60,"2":60,"3":60,"4":60,"5":2,"6":2},"f":{"0":60,"1":2},"b":{},"_coverageSchema":"1a1c01bbd47fc00a2c39e90264f33305004495a9","hash":"6ff09e2464883d0d0c6e3d004f911fa815af4214"}
,"/Users/sebastien/Sebbe's Cloud/School/OpenClassRooms/2 - OCR - Software Developper - JS & React/Projet 9 (60h)/P9 - Mission/#Code/bill-app/Billed-app-FR-Front/src/containers/NewBill.js": {"path":"/Users/sebastien/Sebbe's Cloud/School/OpenClassRooms/2 - OCR - Software Developper - JS & React/Projet 9 (60h)/P9 - Mission/#Code/bill-app/Billed-app-FR-Front/src/containers/NewBill.js","statementMap":{"0":{"start":{"line":6,"column":4},"end":{"line":6,"column":28}},"1":{"start":{"line":7,"column":4},"end":{"line":7,"column":32}},"2":{"start":{"line":8,"column":4},"end":{"line":8,"column":22}},"3":{"start":{"line":9,"column":24},"end":{"line":9,"column":88}},"4":{"start":{"line":10,"column":4},"end":{"line":10,"column":61}},"5":{"start":{"line":11,"column":17},"end":{"line":11,"column":73}},"6":{"start":{"line":12,"column":4},"end":{"line":12,"column":58}},"7":{"start":{"line":13,"column":4},"end":{"line":13,"column":23}},"8":{"start":{"line":14,"column":4},"end":{"line":14,"column":24}},"9":{"start":{"line":15,"column":4},"end":{"line":15,"column":22}},"10":{"start":{"line":16,"column":4},"end":{"line":16,"column":54}},"11":{"start":{"line":18,"column":21},"end":{"line":53,"column":3}},"12":{"start":{"line":19,"column":4},"end":{"line":19,"column":22}},"13":{"start":{"line":20,"column":17},"end":{"line":20,"column":34}},"14":{"start":{"line":21,"column":21},"end":{"line":21,"column":48}},"15":{"start":{"line":22,"column":21},"end":{"line":22,"column":48}},"16":{"start":{"line":24,"column":21},"end":{"line":24,"column":44}},"17":{"start":{"line":25,"column":4},"end":{"line":52,"column":7}},"18":{"start":{"line":26,"column":6},"end":{"line":26,"column":75}},"19":{"start":{"line":27,"column":23},"end":{"line":27,"column":37}},"20":{"start":{"line":28,"column":20},"end":{"line":28,"column":66}},"21":{"start":{"line":29,"column":6},"end":{"line":29,"column":35}},"22":{"start":{"line":30,"column":6},"end":{"line":30,"column":37}},"23":{"start":{"line":32,"column":6},"end":{"line":45,"column":47}},"24":{"start":{"line":41,"column":10},"end":{"line":41,"column":30}},"25":{"start":{"line":42,"column":10},"end":{"line":42,"column":27}},"26":{"start":{"line":43,"column":10},"end":{"line":43,"column":32}},"27":{"start":{"line":44,"column":10},"end":{"line":44,"column":34}},"28":{"start":{"line":45,"column":26},"end":{"line":45,"column":46}},"29":{"start":{"line":47,"column":8},"end":{"line":47,"column":26}},"30":{"start":{"line":48,"column":8},"end":{"line":48,"column":70}},"31":{"start":{"line":49,"column":8},"end":{"line":49,"column":80}},"32":{"start":{"line":51,"column":8},"end":{"line":51,"column":20}},"33":{"start":{"line":54,"column":17},"end":{"line":73,"column":3}},"34":{"start":{"line":55,"column":4},"end":{"line":55,"column":22}},"35":{"start":{"line":56,"column":4},"end":{"line":56,"column":147}},"36":{"start":{"line":57,"column":18},"end":{"line":57,"column":64}},"37":{"start":{"line":58,"column":17},"end":{"line":70,"column":5}},"38":{"start":{"line":71,"column":4},"end":{"line":71,"column":25}},"39":{"start":{"line":72,"column":4},"end":{"line":72,"column":41}},"40":{"start":{"line":76,"column":15},"end":{"line":86,"column":3}},"41":{"start":{"line":77,"column":4},"end":{"line":85,"column":5}},"42":{"start":{"line":78,"column":6},"end":{"line":84,"column":43}},"43":{"start":{"line":82,"column":8},"end":{"line":82,"column":45}},"44":{"start":{"line":84,"column":22},"end":{"line":84,"column":42}}},"fnMap":{"0":{"name":"(anonymous_0)","decl":{"start":{"line":5,"column":2},"end":{"line":5,"column":3}},"loc":{"start":{"line":5,"column":61},"end":{"line":17,"column":3}},"line":5},"1":{"name":"(anonymous_1)","decl":{"start":{"line":18,"column":21},"end":{"line":18,"column":22}},"loc":{"start":{"line":18,"column":26},"end":{"line":53,"column":3}},"line":18},"2":{"name":"(anonymous_2)","decl":{"start":{"line":40,"column":14},"end":{"line":40,"column":15}},"loc":{"start":{"line":40,"column":34},"end":{"line":45,"column":9}},"line":40},"3":{"name":"(anonymous_3)","decl":{"start":{"line":45,"column":17},"end":{"line":45,"column":18}},"loc":{"start":{"line":45,"column":26},"end":{"line":45,"column":46}},"line":45},"4":{"name":"(anonymous_4)","decl":{"start":{"line":54,"column":17},"end":{"line":54,"column":18}},"loc":{"start":{"line":54,"column":22},"end":{"line":73,"column":3}},"line":54},"5":{"name":"(anonymous_5)","decl":{"start":{"line":76,"column":15},"end":{"line":76,"column":16}},"loc":{"start":{"line":76,"column":25},"end":{"line":86,"column":3}},"line":76},"6":{"name":"(anonymous_6)","decl":{"start":{"line":81,"column":12},"end":{"line":81,"column":13}},"loc":{"start":{"line":81,"column":18},"end":{"line":83,"column":7}},"line":81},"7":{"name":"(anonymous_7)","decl":{"start":{"line":84,"column":13},"end":{"line":84,"column":14}},"loc":{"start":{"line":84,"column":22},"end":{"line":84,"column":42}},"line":84}},"branchMap":{"0":{"loc":{"start":{"line":25,"column":4},"end":{"line":52,"column":7}},"type":"if","locations":[{"start":{"line":25,"column":4},"end":{"line":52,"column":7}},{"start":{"line":46,"column":13},"end":{"line":52,"column":7}}],"line":25},"1":{"loc":{"start":{"line":25,"column":8},"end":{"line":25,"column":71}},"type":"binary-expr","locations":[{"start":{"line":25,"column":8},"end":{"line":25,"column":26}},{"start":{"line":25,"column":30},"end":{"line":25,"column":48}},{"start":{"line":25,"column":52},"end":{"line":25,"column":71}}],"line":25},"2":{"loc":{"start":{"line":65,"column":11},"end":{"line":65,"column":83}},"type":"binary-expr","locations":[{"start":{"line":65,"column":11},"end":{"line":65,"column":77}},{"start":{"line":65,"column":81},"end":{"line":65,"column":83}}],"line":65},"3":{"loc":{"start":{"line":77,"column":4},"end":{"line":85,"column":5}},"type":"if","locations":[{"start":{"line":77,"column":4},"end":{"line":85,"column":5}},{"start":{},"end":{}}],"line":77}},"s":{"0":7,"1":7,"2":7,"3":7,"4":7,"5":7,"6":7,"7":7,"8":7,"9":7,"10":7,"11":7,"12":8,"13":8,"14":8,"15":8,"16":8,"17":8,"18":5,"19":5,"20":5,"21":5,"22":5,"23":5,"24":5,"25":5,"26":5,"27":5,"28":0,"29":3,"30":3,"31":3,"32":3,"33":7,"34":6,"35":6,"36":6,"37":6,"38":6,"39":6,"40":7,"41":6,"42":6,"43":5,"44":1},"f":{"0":7,"1":8,"2":5,"3":0,"4":6,"5":6,"6":5,"7":1},"b":{"0":[5,3],"1":[8,3,3],"2":[6,6],"3":[6,0]},"_coverageSchema":"1a1c01bbd47fc00a2c39e90264f33305004495a9","hash":"c52bdcbdb8a407d9a34621adf62669ba4f4bc600"}
,"/Users/sebastien/Sebbe's Cloud/School/OpenClassRooms/2 - OCR - Software Developper - JS & React/Projet 9 (60h)/P9 - Mission/#Code/bill-app/Billed-app-FR-Front/src/views/Actions.js": {"path":"/Users/sebastien/Sebbe's Cloud/School/OpenClassRooms/2 - OCR - Software Developper - JS & React/Projet 9 (60h)/P9 - Mission/#Code/bill-app/Billed-app-FR-Front/src/views/Actions.js","statementMap":{"0":{"start":{"line":5,"column":2},"end":{"line":11,"column":3}}},"fnMap":{"0":{"name":"(anonymous_0)","decl":{"start":{"line":4,"column":15},"end":{"line":4,"column":16}},"loc":{"start":{"line":4,"column":28},"end":{"line":12,"column":1}},"line":4}},"branchMap":{},"s":{"0":82},"f":{"0":82},"b":{},"_coverageSchema":"1a1c01bbd47fc00a2c39e90264f33305004495a9","hash":"d2f17eecc6bd72af23ecf344a12d2509cb6d6079"}
,"/Users/sebastien/Sebbe's Cloud/School/OpenClassRooms/2 - OCR - Software Developper - JS & React/Projet 9 (60h)/P9 - Mission/#Code/bill-app/Billed-app-FR-Front/src/views/BillsUI.js": {"path":"/Users/sebastien/Sebbe's Cloud/School/OpenClassRooms/2 - OCR - Software Developper - JS & React/Projet 9 (60h)/P9 - Mission/#Code/bill-app/Billed-app-FR-Front/src/views/BillsUI.js","statementMap":{"0":{"start":{"line":7,"column":12},"end":{"line":20,"column":3}},"1":{"start":{"line":8,"column":2},"end":{"line":19,"column":6}},"2":{"start":{"line":22,"column":13},"end":{"line":26,"column":1}},"3":{"start":{"line":24,"column":2},"end":{"line":24,"column":47}},"4":{"start":{"line":24,"column":22},"end":{"line":24,"column":46}},"5":{"start":{"line":25,"column":2},"end":{"line":25,"column":74}},"6":{"start":{"line":25,"column":50},"end":{"line":25,"column":59}},"7":{"start":{"line":30,"column":16},"end":{"line":44,"column":4}},"8":{"start":{"line":30,"column":23},"end":{"line":44,"column":3}},"9":{"start":{"line":46,"column":2},"end":{"line":50,"column":3}},"10":{"start":{"line":47,"column":4},"end":{"line":47,"column":24}},"11":{"start":{"line":48,"column":9},"end":{"line":50,"column":3}},"12":{"start":{"line":49,"column":4},"end":{"line":49,"column":27}},"13":{"start":{"line":52,"column":2},"end":{"line":80,"column":3}}},"fnMap":{"0":{"name":"(anonymous_0)","decl":{"start":{"line":7,"column":12},"end":{"line":7,"column":13}},"loc":{"start":{"line":7,"column":22},"end":{"line":20,"column":3}},"line":7},"1":{"name":"(anonymous_1)","decl":{"start":{"line":22,"column":13},"end":{"line":22,"column":14}},"loc":{"start":{"line":22,"column":23},"end":{"line":26,"column":1}},"line":22},"2":{"name":"(anonymous_2)","decl":{"start":{"line":24,"column":12},"end":{"line":24,"column":13}},"loc":{"start":{"line":24,"column":22},"end":{"line":24,"column":46}},"line":24},"3":{"name":"(anonymous_3)","decl":{"start":{"line":25,"column":42},"end":{"line":25,"column":43}},"loc":{"start":{"line":25,"column":50},"end":{"line":25,"column":59}},"line":25},"4":{"name":"(anonymous_4)","decl":{"start":{"line":28,"column":15},"end":{"line":28,"column":16}},"loc":{"start":{"line":28,"column":52},"end":{"line":81,"column":1}},"line":28},"5":{"name":"(anonymous_5)","decl":{"start":{"line":30,"column":16},"end":{"line":30,"column":17}},"loc":{"start":{"line":30,"column":23},"end":{"line":44,"column":3}},"line":30}},"branchMap":{"0":{"loc":{"start":{"line":24,"column":22},"end":{"line":24,"column":46}},"type":"cond-expr","locations":[{"start":{"line":24,"column":40},"end":{"line":24,"column":41}},{"start":{"line":24,"column":44},"end":{"line":24,"column":46}}],"line":24},"1":{"loc":{"start":{"line":25,"column":9},"end":{"line":25,"column":74}},"type":"cond-expr","locations":[{"start":{"line":25,"column":33},"end":{"line":25,"column":69}},{"start":{"line":25,"column":72},"end":{"line":25,"column":74}}],"line":25},"2":{"loc":{"start":{"line":25,"column":10},"end":{"line":25,"column":29}},"type":"binary-expr","locations":[{"start":{"line":25,"column":10},"end":{"line":25,"column":14}},{"start":{"line":25,"column":18},"end":{"line":25,"column":29}}],"line":25},"3":{"loc":{"start":{"line":46,"column":2},"end":{"line":50,"column":3}},"type":"if","locations":[{"start":{"line":46,"column":2},"end":{"line":50,"column":3}},{"start":{"line":48,"column":9},"end":{"line":50,"column":3}}],"line":46},"4":{"loc":{"start":{"line":48,"column":9},"end":{"line":50,"column":3}},"type":"if","locations":[{"start":{"line":48,"column":9},"end":{"line":50,"column":3}},{"start":{},"end":{}}],"line":48}},"s":{"0":6,"1":80,"2":6,"3":21,"4":114,"5":21,"6":80,"7":44,"8":21,"9":44,"10":20,"11":24,"12":3,"13":21},"f":{"0":80,"1":21,"2":114,"3":80,"4":44,"5":21},"b":{"0":[60,54],"1":[20,1],"2":[21,21],"3":[20,24],"4":[3,21]},"_coverageSchema":"1a1c01bbd47fc00a2c39e90264f33305004495a9","hash":"7f66241d53475a0d6b3b714fd1254d5bc9c5512c"}
,"/Users/sebastien/Sebbe's Cloud/School/OpenClassRooms/2 - OCR - Software Developper - JS & React/Projet 9 (60h)/P9 - Mission/#Code/bill-app/Billed-app-FR-Front/src/views/DashboardFormUI.js": {"path":"/Users/sebastien/Sebbe's Cloud/School/OpenClassRooms/2 - OCR - Software Developper - JS & React/Projet 9 (60h)/P9 - Mission/#Code/bill-app/Billed-app-FR-Front/src/views/DashboardFormUI.js","statementMap":{"0":{"start":{"line":7,"column":21},"end":{"line":22,"column":4}},"1":{"start":{"line":7,"column":28},"end":{"line":22,"column":3}},"2":{"start":{"line":26,"column":2},"end":{"line":101,"column":4}}},"fnMap":{"0":{"name":"(anonymous_0)","decl":{"start":{"line":7,"column":21},"end":{"line":7,"column":22}},"loc":{"start":{"line":7,"column":28},"end":{"line":22,"column":3}},"line":7},"1":{"name":"(anonymous_1)","decl":{"start":{"line":24,"column":15},"end":{"line":24,"column":16}},"loc":{"start":{"line":24,"column":25},"end":{"line":102,"column":1}},"line":24}},"branchMap":{"0":{"loc":{"start":{"line":79,"column":9},"end":{"line":89,"column":9}},"type":"cond-expr","locations":[{"start":{"line":79,"column":38},"end":{"line":84,"column":8}},{"start":{"line":84,"column":13},"end":{"line":89,"column":8}}],"line":79},"1":{"loc":{"start":{"line":92,"column":8},"end":{"line":97,"column":13}},"type":"cond-expr","locations":[{"start":{"line":92,"column":37},"end":{"line":97,"column":7}},{"start":{"line":97,"column":11},"end":{"line":97,"column":13}}],"line":92}},"s":{"0":7,"1":9,"2":9},"f":{"0":9,"1":9},"b":{"0":[6,3],"1":[6,3]},"_coverageSchema":"1a1c01bbd47fc00a2c39e90264f33305004495a9","hash":"d048784bd83eb5e135f98d50193a2c60fb229042"}
,"/Users/sebastien/Sebbe's Cloud/School/OpenClassRooms/2 - OCR - Software Developper - JS & React/Projet 9 (60h)/P9 - Mission/#Code/bill-app/Billed-app-FR-Front/src/views/DashboardUI.js": {"path":"/Users/sebastien/Sebbe's Cloud/School/OpenClassRooms/2 - OCR - Software Developper - JS & React/Projet 9 (60h)/P9 - Mission/#Code/bill-app/Billed-app-FR-Front/src/views/DashboardUI.js","statementMap":{"0":{"start":{"line":10,"column":2},"end":{"line":14,"column":3}},"1":{"start":{"line":11,"column":4},"end":{"line":11,"column":24}},"2":{"start":{"line":12,"column":9},"end":{"line":14,"column":3}},"3":{"start":{"line":13,"column":4},"end":{"line":13,"column":27}},"4":{"start":{"line":16,"column":2},"end":{"line":48,"column":3}}},"fnMap":{"0":{"name":"(anonymous_0)","decl":{"start":{"line":8,"column":15},"end":{"line":8,"column":16}},"loc":{"start":{"line":8,"column":45},"end":{"line":49,"column":1}},"line":8}},"branchMap":{"0":{"loc":{"start":{"line":10,"column":2},"end":{"line":14,"column":3}},"type":"if","locations":[{"start":{"line":10,"column":2},"end":{"line":14,"column":3}},{"start":{"line":12,"column":9},"end":{"line":14,"column":3}}],"line":10},"1":{"loc":{"start":{"line":12,"column":9},"end":{"line":14,"column":3}},"type":"if","locations":[{"start":{"line":12,"column":9},"end":{"line":14,"column":3}},{"start":{},"end":{}}],"line":12},"2":{"loc":{"start":{"line":22,"column":45},"end":{"line":22,"column":63}},"type":"binary-expr","locations":[{"start":{"line":22,"column":45},"end":{"line":22,"column":49}},{"start":{"line":22,"column":53},"end":{"line":22,"column":63}}],"line":22},"3":{"loc":{"start":{"line":29,"column":43},"end":{"line":29,"column":61}},"type":"binary-expr","locations":[{"start":{"line":29,"column":43},"end":{"line":29,"column":47}},{"start":{"line":29,"column":51},"end":{"line":29,"column":61}}],"line":29},"4":{"loc":{"start":{"line":36,"column":43},"end":{"line":36,"column":61}},"type":"binary-expr","locations":[{"start":{"line":36,"column":43},"end":{"line":36,"column":47}},{"start":{"line":36,"column":51},"end":{"line":36,"column":61}}],"line":36}},"s":{"0":21,"1":6,"2":15,"3":3,"4":12},"f":{"0":21},"b":{"0":[6,15],"1":[3,12],"2":[12,7],"3":[12,7],"4":[12,7]},"_coverageSchema":"1a1c01bbd47fc00a2c39e90264f33305004495a9","hash":"240a46caf42b37ec140219ecedb8d3672985b077"}
,"/Users/sebastien/Sebbe's Cloud/School/OpenClassRooms/2 - OCR - Software Developper - JS & React/Projet 9 (60h)/P9 - Mission/#Code/bill-app/Billed-app-FR-Front/src/views/ErrorPage.js": {"path":"/Users/sebastien/Sebbe's Cloud/School/OpenClassRooms/2 - OCR - Software Developper - JS & React/Projet 9 (60h)/P9 - Mission/#Code/bill-app/Billed-app-FR-Front/src/views/ErrorPage.js","statementMap":{"0":{"start":{"line":4,"column":2},"end":{"line":15,"column":3}}},"fnMap":{"0":{"name":"(anonymous_0)","decl":{"start":{"line":3,"column":15},"end":{"line":3,"column":16}},"loc":{"start":{"line":3,"column":26},"end":{"line":16,"column":1}},"line":3}},"branchMap":{"0":{"loc":{"start":{"line":12,"column":12},"end":{"line":12,"column":30}},"type":"cond-expr","locations":[{"start":{"line":12,"column":20},"end":{"line":12,"column":25}},{"start":{"line":12,"column":28},"end":{"line":12,"column":30}}],"line":12}},"s":{"0":8},"f":{"0":8},"b":{"0":[7,1]},"_coverageSchema":"1a1c01bbd47fc00a2c39e90264f33305004495a9","hash":"096f7e5954ae681836c04c9368f2edce3b1f7c34"}
,"/Users/sebastien/Sebbe's Cloud/School/OpenClassRooms/2 - OCR - Software Developper - JS & React/Projet 9 (60h)/P9 - Mission/#Code/bill-app/Billed-app-FR-Front/src/views/LoadingPage.js": {"path":"/Users/sebastien/Sebbe's Cloud/School/OpenClassRooms/2 - OCR - Software Developper - JS & React/Projet 9 (60h)/P9 - Mission/#Code/bill-app/Billed-app-FR-Front/src/views/LoadingPage.js","statementMap":{"0":{"start":{"line":5,"column":2},"end":{"line":12,"column":3}}},"fnMap":{"0":{"name":"(anonymous_0)","decl":{"start":{"line":3,"column":15},"end":{"line":3,"column":16}},"loc":{"start":{"line":3,"column":21},"end":{"line":13,"column":1}},"line":3}},"branchMap":{},"s":{"0":27},"f":{"0":27},"b":{},"_coverageSchema":"1a1c01bbd47fc00a2c39e90264f33305004495a9","hash":"548ce8b2c40b782be2325cc8539959ebd3fccde6"}
,"/Users/sebastien/Sebbe's Cloud/School/OpenClassRooms/2 - OCR - Software Developper - JS & React/Projet 9 (60h)/P9 - Mission/#Code/bill-app/Billed-app-FR-Front/src/views/LoginUI.js": {"path":"/Users/sebastien/Sebbe's Cloud/School/OpenClassRooms/2 - OCR - Software Developper - JS & React/Projet 9 (60h)/P9 - Mission/#Code/bill-app/Billed-app-FR-Front/src/views/LoginUI.js","statementMap":{"0":{"start":{"line":4,"column":2},"end":{"line":46,"column":4}}},"fnMap":{"0":{"name":"(anonymous_0)","decl":{"start":{"line":2,"column":15},"end":{"line":2,"column":16}},"loc":{"start":{"line":2,"column":21},"end":{"line":47,"column":1}},"line":2}},"branchMap":{},"s":{"0":19},"f":{"0":19},"b":{},"_coverageSchema":"1a1c01bbd47fc00a2c39e90264f33305004495a9","hash":"b90e6247fbdc83a69b598966612ee1dc5a3937df"}
,"/Users/sebastien/Sebbe's Cloud/School/OpenClassRooms/2 - OCR - Software Developper - JS & React/Projet 9 (60h)/P9 - Mission/#Code/bill-app/Billed-app-FR-Front/src/views/NewBillUI.js": {"path":"/Users/sebastien/Sebbe's Cloud/School/OpenClassRooms/2 - OCR - Software Developper - JS & React/Projet 9 (60h)/P9 - Mission/#Code/bill-app/Billed-app-FR-Front/src/views/NewBillUI.js","statementMap":{"0":{"start":{"line":5,"column":2},"end":{"line":77,"column":4}}},"fnMap":{"0":{"name":"(anonymous_0)","decl":{"start":{"line":3,"column":15},"end":{"line":3,"column":16}},"loc":{"start":{"line":3,"column":21},"end":{"line":78,"column":1}},"line":3}},"branchMap":{},"s":{"0":6},"f":{"0":6},"b":{},"_coverageSchema":"1a1c01bbd47fc00a2c39e90264f33305004495a9","hash":"206f0eb9762347de5520814f125ce19fea4ee6d9"}
,"/Users/sebastien/Sebbe's Cloud/School/OpenClassRooms/2 - OCR - Software Developper - JS & React/Projet 9 (60h)/P9 - Mission/#Code/bill-app/Billed-app-FR-Front/src/views/VerticalLayout.js": {"path":"/Users/sebastien/Sebbe's Cloud/School/OpenClassRooms/2 - OCR - Software Developper - JS & React/Projet 9 (60h)/P9 - Mission/#Code/bill-app/Billed-app-FR-Front/src/views/VerticalLayout.js","statementMap":{"0":{"start":{"line":7,"column":4},"end":{"line":7,"column":51}},"1":{"start":{"line":8,"column":4},"end":{"line":10,"column":5}},"2":{"start":{"line":9,"column":6},"end":{"line":9,"column":29}},"3":{"start":{"line":11,"column":4},"end":{"line":39,"column":5}},"4":{"start":{"line":12,"column":6},"end":{"line":27,"column":7}},"5":{"start":{"line":29,"column":6},"end":{"line":38,"column":7}}},"fnMap":{"0":{"name":"(anonymous_0)","decl":{"start":{"line":5,"column":15},"end":{"line":5,"column":16}},"loc":{"start":{"line":5,"column":27},"end":{"line":40,"column":1}},"line":5}},"branchMap":{"0":{"loc":{"start":{"line":8,"column":4},"end":{"line":10,"column":5}},"type":"if","locations":[{"start":{"line":8,"column":4},"end":{"line":10,"column":5}},{"start":{},"end":{}}],"line":8},"1":{"loc":{"start":{"line":11,"column":4},"end":{"line":39,"column":5}},"type":"if","locations":[{"start":{"line":11,"column":4},"end":{"line":39,"column":5}},{"start":{"line":28,"column":11},"end":{"line":39,"column":5}}],"line":11},"2":{"loc":{"start":{"line":11,"column":8},"end":{"line":11,"column":40}},"type":"binary-expr","locations":[{"start":{"line":11,"column":8},"end":{"line":11,"column":12}},{"start":{"line":11,"column":16},"end":{"line":11,"column":40}}],"line":11}},"s":{"0":75,"1":75,"2":64,"3":75,"4":48,"5":27},"f":{"0":75},"b":{"0":[64,11],"1":[48,27],"2":[75,64]},"_coverageSchema":"1a1c01bbd47fc00a2c39e90264f33305004495a9","hash":"3437654edb6d8c5607fb690938782ea30dd808f7"}
}
