TN:
SF:src/constants/routes.js
FN:13,(anonymous_0)
FNF:1
FNH:1
FNDA:17,(anonymous_0)
DA:6,5
DA:13,5
DA:14,17
DA:16,7
DA:18,1
DA:20,1
DA:22,7
DA:24,1
LF:8
LH:8
BRDA:14,0,0,7
BRDA:14,0,1,1
BRDA:14,0,2,1
BRDA:14,0,3,7
BRDA:14,0,4,1
BRF:5
BRH:5
end_of_record
TN:
SF:src/constants/usersTest.js
FNF:0
FNH:0
LF:0
LH:0
BRF:0
BRH:0
end_of_record
TN:
SF:src/containers/Bills.js
FN:6,(anonymous_0)
FN:13,(anonymous_1)
FN:14,(anonymous_2)
FN:19,(anonymous_3)
FN:23,(anonymous_4)
FN:30,(anonymous_5)
FN:35,(anonymous_6)
FN:37,(anonymous_7)
FNF:8
FNH:0
FNDA:0,(anonymous_0)
FNDA:0,(anonymous_1)
FNDA:0,(anonymous_2)
FNDA:0,(anonymous_3)
FNDA:0,(anonymous_4)
FNDA:0,(anonymous_5)
FNDA:0,(anonymous_6)
FNDA:0,(anonymous_7)
DA:7,0
DA:8,0
DA:9,0
DA:10,0
DA:11,0
DA:12,0
DA:13,0
DA:14,0
DA:16,0
DA:19,0
DA:20,0
DA:23,0
DA:24,0
DA:25,0
DA:26,0
DA:27,0
DA:30,0
DA:31,0
DA:32,0
DA:36,0
DA:38,0
DA:39,0
DA:47,0
DA:48,0
DA:55,0
DA:56,0
LF:26
LH:0
BRDA:11,0,0,0
BRDA:11,0,1,0
BRDA:13,1,0,0
BRDA:13,1,1,0
BRDA:31,2,0,0
BRDA:31,2,1,0
BRF:6
BRH:0
end_of_record
TN:
SF:src/containers/Dashboard.js
FN:8,(anonymous_0)
FN:10,(anonymous_1)
FN:30,(anonymous_2)
FN:55,(anonymous_3)
FN:56,(anonymous_4)
FN:59,(anonymous_5)
FN:71,(anonymous_6)
FN:75,(anonymous_7)
FN:76,(anonymous_8)
FN:77,(anonymous_9)
FN:81,(anonymous_10)
FN:88,(anonymous_11)
FN:92,(anonymous_12)
FN:109,(anonymous_13)
FN:110,(anonymous_14)
FN:113,(anonymous_15)
FN:123,(anonymous_16)
FN:133,(anonymous_17)
FN:148,(anonymous_18)
FN:149,(anonymous_19)
FN:156,(anonymous_20)
FN:161,(anonymous_21)
FN:163,(anonymous_22)
FN:171,(anonymous_23)
FNF:24
FNH:17
FNDA:29,(anonymous_0)
FNDA:68,(anonymous_1)
FNDA:6,(anonymous_2)
FNDA:6,(anonymous_3)
FNDA:6,(anonymous_4)
FNDA:5,(anonymous_5)
FNDA:8,(anonymous_6)
FNDA:0,(anonymous_7)
FNDA:0,(anonymous_8)
FNDA:0,(anonymous_9)
FNDA:1,(anonymous_10)
FNDA:3,(anonymous_11)
FNDA:12,(anonymous_12)
FNDA:0,(anonymous_13)
FNDA:0,(anonymous_14)
FNDA:1,(anonymous_15)
FNDA:1,(anonymous_16)
FNDA:5,(anonymous_17)
FNDA:20,(anonymous_18)
FNDA:3,(anonymous_19)
FNDA:2,(anonymous_20)
FNDA:0,(anonymous_21)
FNDA:0,(anonymous_22)
FNDA:2,(anonymous_23)
DA:8,5
DA:9,29
DA:14,68
DA:15,68
DA:20,0
DA:21,0
DA:26,68
DA:30,5
DA:31,6
DA:32,6
DA:34,6
DA:37,6
DA:55,5
DA:56,6
DA:59,5
DA:60,5
DA:62,3
DA:64,1
DA:66,1
DA:72,8
DA:73,8
DA:74,8
DA:75,8
DA:76,8
DA:77,8
DA:78,8
DA:81,8
DA:82,1
DA:83,1
DA:84,1
DA:85,1
DA:89,3
DA:90,3
DA:91,3
DA:92,3
DA:93,12
DA:95,3
DA:96,3
DA:97,3
DA:100,0
DA:102,0
DA:105,0
DA:106,0
DA:108,3
DA:109,3
DA:110,3
DA:113,8
DA:114,1
DA:119,1
DA:120,1
DA:123,8
DA:124,1
DA:129,1
DA:130,1
DA:134,5
DA:135,5
DA:136,5
DA:137,5
DA:138,5
DA:140,5
DA:142,0
DA:143,0
DA:145,0
DA:148,5
DA:149,20
DA:152,5
DA:156,8
DA:157,2
DA:158,2
DA:162,0
DA:163,0
DA:169,0
DA:172,2
LF:73
LH:61
BRDA:9,0,0,17
BRDA:9,0,1,12
BRDA:9,1,0,29
BRDA:9,1,1,17
BRDA:14,2,0,68
BRDA:14,2,1,0
BRDA:22,3,0,0
BRDA:22,3,1,0
BRDA:32,4,0,0
BRDA:32,4,1,6
BRDA:34,5,0,0
BRDA:34,5,1,6
BRDA:56,6,0,5
BRDA:56,6,1,1
BRDA:56,7,0,6
BRDA:56,7,1,6
BRDA:60,8,0,3
BRDA:60,8,1,1
BRDA:60,8,2,1
BRDA:85,9,0,0
BRDA:85,9,1,1
BRDA:89,10,0,2
BRDA:89,10,1,1
BRDA:89,11,0,3
BRDA:89,11,1,3
BRDA:90,12,0,2
BRDA:90,12,1,1
BRDA:90,13,0,3
BRDA:90,13,1,1
BRDA:91,14,0,3
BRDA:91,14,1,0
BRDA:134,15,0,5
BRDA:134,15,1,0
BRDA:134,16,0,5
BRDA:134,16,1,2
BRDA:135,17,0,5
BRDA:135,17,1,0
BRDA:135,18,0,5
BRDA:135,18,1,2
BRDA:136,19,0,5
BRDA:136,19,1,0
BRDA:157,20,0,2
BRDA:157,20,1,0
BRF:43
BRH:32
end_of_record
TN:
SF:src/containers/Login.js
FN:7,(anonymous_0)
FN:18,(anonymous_1)
FN:29,(anonymous_2)
FN:31,(anonymous_3)
FN:40,(anonymous_4)
FN:52,(anonymous_5)
FN:54,(anonymous_6)
FN:63,(anonymous_7)
FN:69,(anonymous_8)
FN:78,(anonymous_9)
FN:88,(anonymous_10)
FNF:11
FNH:0
FNDA:0,(anonymous_0)
FNDA:0,(anonymous_1)
FNDA:0,(anonymous_2)
FNDA:0,(anonymous_3)
FNDA:0,(anonymous_4)
FNDA:0,(anonymous_5)
FNDA:0,(anonymous_6)
FNDA:0,(anonymous_7)
FNDA:0,(anonymous_8)
FNDA:0,(anonymous_9)
FNDA:0,(anonymous_10)
DA:3,2
DA:8,0
DA:9,0
DA:10,0
DA:11,0
DA:12,0
DA:13,0
DA:14,0
DA:15,0
DA:16,0
DA:18,0
DA:19,0
DA:20,0
DA:26,0
DA:27,0
DA:29,0
DA:32,0
DA:33,0
DA:34,0
DA:35,0
DA:40,0
DA:41,0
DA:42,0
DA:49,0
DA:50,0
DA:52,0
DA:55,0
DA:56,0
DA:57,0
DA:58,0
DA:63,0
DA:64,0
DA:65,0
DA:70,0
DA:73,0
DA:78,0
DA:79,0
DA:80,0
DA:89,0
DA:90,0
DA:93,0
LF:41
LH:1
BRDA:64,0,0,0
BRDA:64,0,1,0
BRDA:79,1,0,0
BRDA:79,1,1,0
BRF:4
BRH:0
end_of_record
TN:
SF:src/containers/Logout.js
FN:4,(anonymous_0)
FN:11,(anonymous_1)
FNF:2
FNH:2
FNDA:9,(anonymous_0)
FNDA:2,(anonymous_1)
DA:5,9
DA:6,9
DA:7,9
DA:8,9
DA:11,9
DA:12,2
DA:13,2
LF:7
LH:7
BRF:0
BRH:0
end_of_record
TN:
SF:src/containers/NewBill.js
FN:5,(anonymous_0)
FN:18,(anonymous_1)
FN:39,(anonymous_2)
FN:44,(anonymous_3)
FN:49,(anonymous_4)
FN:71,(anonymous_5)
FN:76,(anonymous_6)
FN:79,(anonymous_7)
FNF:8
FNH:0
FNDA:0,(anonymous_0)
FNDA:0,(anonymous_1)
FNDA:0,(anonymous_2)
FNDA:0,(anonymous_3)
FNDA:0,(anonymous_4)
FNDA:0,(anonymous_5)
FNDA:0,(anonymous_6)
FNDA:0,(anonymous_7)
DA:6,0
DA:7,0
DA:8,0
DA:9,0
DA:10,0
DA:11,0
DA:12,0
DA:13,0
DA:14,0
DA:15,0
DA:16,0
DA:18,0
DA:19,0
DA:20,0
DA:21,0
DA:22,0
DA:24,0
DA:25,0
DA:26,0
DA:27,0
DA:28,0
DA:29,0
DA:31,0
DA:40,0
DA:41,0
DA:42,0
DA:43,0
DA:44,0
DA:46,0
DA:49,0
DA:50,0
DA:51,0
DA:52,0
DA:53,0
DA:66,0
DA:67,0
DA:71,0
DA:72,0
DA:73,0
DA:77,0
DA:79,0
LF:41
LH:0
BRDA:25,0,0,0
BRDA:25,0,1,0
BRDA:25,1,0,0
BRDA:25,1,1,0
BRDA:25,1,2,0
BRDA:60,2,0,0
BRDA:60,2,1,0
BRDA:72,3,0,0
BRDA:72,3,1,0
BRF:9
BRH:0
end_of_record
TN:
SF:src/views/Actions.js
FN:4,(anonymous_0)
FNF:1
FNH:1
FNDA:6,(anonymous_0)
DA:5,6
LF:1
LH:1
BRF:0
BRH:0
end_of_record
TN:
SF:src/views/BillsUI.js
FN:7,(anonymous_0)
FN:22,(anonymous_1)
FN:24,(anonymous_2)
FN:25,(anonymous_3)
FN:28,(anonymous_4)
FN:30,(anonymous_5)
FNF:6
FNH:6
FNDA:4,(anonymous_0)
FNDA:2,(anonymous_1)
FNDA:6,(anonymous_2)
FNDA:4,(anonymous_3)
FNDA:2,(anonymous_4)
FNDA:2,(anonymous_5)
DA:7,5
DA:8,4
DA:22,5
DA:24,6
DA:25,4
DA:30,2
DA:46,2
DA:47,0
DA:48,2
DA:49,0
DA:52,2
LF:11
LH:9
BRDA:24,0,0,3
BRDA:24,0,1,3
BRDA:25,1,0,1
BRDA:25,1,1,1
BRDA:25,2,0,2
BRDA:25,2,1,2
BRDA:46,3,0,0
BRDA:46,3,1,2
BRDA:48,4,0,0
BRDA:48,4,1,2
BRF:10
BRH:8
end_of_record
TN:
SF:src/views/DashboardFormUI.js
FN:7,(anonymous_0)
FN:24,(anonymous_1)
FNF:2
FNH:2
FNDA:10,(anonymous_0)
FNDA:10,(anonymous_1)
DA:7,10
DA:26,10
LF:2
LH:2
BRDA:79,0,0,7
BRDA:79,0,1,3
BRDA:92,1,0,7
BRDA:92,1,1,3
BRF:4
BRH:4
end_of_record
TN:
SF:src/views/DashboardUI.js
FN:8,(anonymous_0)
FNF:1
FNH:1
FNDA:13,(anonymous_0)
DA:10,13
DA:11,3
DA:12,10
DA:13,3
DA:16,7
LF:5
LH:5
BRDA:10,0,0,3
BRDA:10,0,1,10
BRDA:12,1,0,3
BRDA:12,1,1,7
BRDA:22,2,0,7
BRDA:22,2,1,4
BRDA:29,3,0,7
BRDA:29,3,1,4
BRDA:36,4,0,7
BRDA:36,4,1,4
BRF:10
BRH:10
end_of_record
TN:
SF:src/views/ErrorPage.js
FN:3,(anonymous_0)
FNF:1
FNH:1
FNDA:5,(anonymous_0)
DA:4,5
LF:1
LH:1
BRDA:12,0,0,4
BRDA:12,0,1,1
BRF:2
BRH:2
end_of_record
TN:
SF:src/views/LoadingPage.js
FN:3,(anonymous_0)
FNF:1
FNH:1
FNDA:4,(anonymous_0)
DA:5,4
LF:1
LH:1
BRF:0
BRH:0
end_of_record
TN:
SF:src/views/LoginUI.js
FN:2,(anonymous_0)
FNF:1
FNH:1
FNDA:8,(anonymous_0)
DA:4,8
LF:1
LH:1
BRF:0
BRH:0
end_of_record
TN:
SF:src/views/NewBillUI.js
FN:3,(anonymous_0)
FNF:1
FNH:1
FNDA:2,(anonymous_0)
DA:5,2
LF:1
LH:1
BRF:0
BRH:0
end_of_record
TN:
SF:src/views/VerticalLayout.js
FN:5,(anonymous_0)
FNF:1
FNH:1
FNDA:21,(anonymous_0)
DA:7,21
DA:8,21
DA:9,12
DA:11,21
DA:12,2
DA:29,19
LF:6
LH:6
BRDA:8,0,0,12
BRDA:8,0,1,9
BRDA:11,1,0,2
BRDA:11,1,1,19
BRDA:11,2,0,21
BRDA:11,2,1,12
BRF:6
BRH:6
end_of_record
